<?xml version="1.0" encoding="UTF-8"?>
<testsuite xmlns:xsi="http://www.w3.org/2001/XMLSchema-instance" xsi:noNamespaceSchemaLocation="https://maven.apache.org/surefire/maven-surefire-plugin/xsd/surefire-test-report-3.0.xsd" version="3.0" name="com.bloomberg.warehouse.FxDealControllerTest" time="1.394" tests="5" errors="0" skipped="0" failures="0">
  <properties>
[...]
</properties>
  <testcase name="testCreateFXDeal_Success" classname="com.bloomberg.warehouse.FxDealControllerTest" time="1.292">
    <system-out><![CDATA[22:54:58.337 [main] INFO com.bloomberg.warehouse.controller.FxDealController -- Received request to create FX deal: From Currency: null, To Currency: null, Deal Amount: null
22:54:58.346 [main] INFO com.bloomberg.warehouse.controller.FxDealController -- FX deal created successfully: FxDeal(id=0, fromCurrency=null, toCurrency=null, dealTimestamp=null, dealAmount=null)
]]></system-out>
    <system-err><![CDATA[WARNING: A Java agent has been loaded dynamically (C:\Users\rashe\.m2\repository\net\bytebuddy\byte-buddy-agent\1.14.8\byte-buddy-agent-1.14.8.jar)
WARNING: If a serviceability tool is in use, please run with -XX:+EnableDynamicAgentLoading to hide this warning
WARNING: If a serviceability tool is not in use, please run with -Djdk.instrument.traceUsage for more information
WARNING: Dynamic loading of agents will be disallowed by default in a future release
]]></system-err>
  </testcase>
  <testcase name="testCreateFXDeal_SameCurrencyException" classname="com.bloomberg.warehouse.FxDealControllerTest" time="0.01">
    <system-out><![CDATA[22:54:58.394 [main] INFO com.bloomberg.warehouse.controller.FxDealController -- Received request to create FX deal: From Currency: null, To Currency: null, Deal Amount: null
22:54:58.396 [main] ERROR com.bloomberg.warehouse.controller.FxDealController -- Failed to create FX deal: Same currency not allowed
]]></system-out>
  </testcase>
  <testcase name="testCreateFXDeal_CurrencyNotFoundException" classname="com.bloomberg.warehouse.FxDealControllerTest" time="0.007">
    <system-out><![CDATA[22:54:58.403 [main] INFO com.bloomberg.warehouse.controller.FxDealController -- Received request to create FX deal: From Currency: null, To Currency: null, Deal Amount: null
22:54:58.404 [main] ERROR com.bloomberg.warehouse.controller.FxDealController -- Currency not found: Currency not found
]]></system-out>
  </testcase>
  <testcase name="testShowAddFxDealForm" classname="com.bloomberg.warehouse.FxDealControllerTest" time="0.03"/>
  <testcase name="testCreateFXDeal_DuplicateDealException" classname="com.bloomberg.warehouse.FxDealControllerTest" time="0.004">
    <system-out><![CDATA[22:54:58.441 [main] INFO com.bloomberg.warehouse.controller.FxDealController -- Received request to create FX deal: From Currency: null, To Currency: null, Deal Amount: null
22:54:58.442 [main] ERROR com.bloomberg.warehouse.controller.FxDealController -- Failed to create FX deal: Deal already exists
]]></system-out>
  </testcase>
</testsuite>